iMPACT Version: Oct 13 2013 08:43:40

iMPACT log file Started on Tue Nov 26 16:12:52 2024

Preference Table
Name                 Setting             
StartupClock         Auto_Correction     
AutoSignature        False               
KeepSVF              False               
ConcurrentMode       False               
UseHighz             False               
ConfigOnFailure      Stop                
UserLevel            Novice              
MessageLevel         Detailed            
svfUseTime           false               
SpiByteSwap          Auto_Correction     
AutoInfer            false               
SvfPlayDisplayComments false               
'1': Loading file 'build/board_6502.jed' ...
done.
INFO:iMPACT:1777 - 
   Reading /home/rob/Xilinx/14.7/ISE_DS/ISE/xc9500xl/data/xc9536xl.bsd...
INFO:iMPACT:501 - '1': Added Device xc9536xl successfully.
----------------------------------------------------------------------
----------------------------------------------------------------------


'1': Erasing device...
'1': Erasure completed successfully.
'1': Programming device...
done.
'1': Putting device in ISP mode...done.
'1': Putting device in ISP mode...done.
'1': Programming completed successfully.
Elapsed time =      0 sec.
