ARM GAS  /tmp/ccFFyowu.s 			page 1


   1              		.cpu cortex-m4
   2              		.eabi_attribute 20, 1
   3              		.eabi_attribute 21, 1
   4              		.eabi_attribute 23, 3
   5              		.eabi_attribute 24, 1
   6              		.eabi_attribute 25, 1
   7              		.eabi_attribute 26, 1
   8              		.eabi_attribute 30, 2
   9              		.eabi_attribute 34, 1
  10              		.eabi_attribute 18, 4
  11              		.file	"ffunicode.c"
  12              		.section	.gnu.debuglto_.debug_info,"e",%progbits
  13              	.Ldebug_info0:
  14              		.hidden	ffunicode.c.0a7a2c47
  15              		.weak	ffunicode.c.0a7a2c47
  16              	ffunicode.c.0a7a2c47:
  17 0000 67000000 		.4byte	0x67
  18 0004 0400     		.2byte	0x4
  19 0006 00000000 		.4byte	.Ldebug_abbrev0
  20 000a 04       		.byte	0x4
  21 000b 01       		.uleb128 0x1
  22 000c 07010000 		.4byte	.LASF10
  23 0010 0C       		.byte	0xc
  24 0011 7D000000 		.4byte	.LASF11
  25 0015 1F000000 		.4byte	.LASF12
  26 0019 00000000 		.4byte	.Ldebug_line0
  27 001d 02       		.uleb128 0x2
  28 001e 01       		.byte	0x1
  29 001f 06       		.byte	0x6
  30 0020 BE000000 		.4byte	.LASF0
  31 0024 02       		.uleb128 0x2
  32 0025 01       		.byte	0x1
  33 0026 08       		.byte	0x8
  34 0027 EB000000 		.4byte	.LASF1
  35 002b 02       		.uleb128 0x2
  36 002c 02       		.byte	0x2
  37 002d 05       		.byte	0x5
  38 002e CA000000 		.4byte	.LASF2
  39 0032 02       		.uleb128 0x2
  40 0033 02       		.byte	0x2
  41 0034 07       		.byte	0x7
  42 0035 AB000000 		.4byte	.LASF3
  43 0039 02       		.uleb128 0x2
  44 003a 04       		.byte	0x4
  45 003b 05       		.byte	0x5
  46 003c F9000000 		.4byte	.LASF4
  47 0040 02       		.uleb128 0x2
  48 0041 04       		.byte	0x4
  49 0042 07       		.byte	0x7
  50 0043 0D000000 		.4byte	.LASF5
  51 0047 02       		.uleb128 0x2
  52 0048 08       		.byte	0x8
  53 0049 05       		.byte	0x5
  54 004a EE010000 		.4byte	.LASF6
  55 004e 02       		.uleb128 0x2
  56 004f 08       		.byte	0x8
  57 0050 07       		.byte	0x7
ARM GAS  /tmp/ccFFyowu.s 			page 2


  58 0051 D4000000 		.4byte	.LASF7
  59 0055 03       		.uleb128 0x3
  60 0056 04       		.byte	0x4
  61 0057 05       		.byte	0x5
  62 0058 696E7400 		.ascii	"int\000"
  63 005c 02       		.uleb128 0x2
  64 005d 04       		.byte	0x4
  65 005e 07       		.byte	0x7
  66 005f 00000000 		.4byte	.LASF8
  67 0063 02       		.uleb128 0x2
  68 0064 01       		.byte	0x1
  69 0065 08       		.byte	0x8
  70 0066 02010000 		.4byte	.LASF9
  71 006a 00       		.byte	0
  72              		.section	.gnu.debuglto_.debug_abbrev,"e",%progbits
  73              	.Ldebug_abbrev0:
  74 0000 01       		.uleb128 0x1
  75 0001 11       		.uleb128 0x11
  76 0002 01       		.byte	0x1
  77 0003 25       		.uleb128 0x25
  78 0004 0E       		.uleb128 0xe
  79 0005 13       		.uleb128 0x13
  80 0006 0B       		.uleb128 0xb
  81 0007 03       		.uleb128 0x3
  82 0008 0E       		.uleb128 0xe
  83 0009 1B       		.uleb128 0x1b
  84 000a 0E       		.uleb128 0xe
  85 000b 10       		.uleb128 0x10
  86 000c 17       		.uleb128 0x17
  87 000d 00       		.byte	0
  88 000e 00       		.byte	0
  89 000f 02       		.uleb128 0x2
  90 0010 24       		.uleb128 0x24
  91 0011 00       		.byte	0
  92 0012 0B       		.uleb128 0xb
  93 0013 0B       		.uleb128 0xb
  94 0014 3E       		.uleb128 0x3e
  95 0015 0B       		.uleb128 0xb
  96 0016 03       		.uleb128 0x3
  97 0017 0E       		.uleb128 0xe
  98 0018 00       		.byte	0
  99 0019 00       		.byte	0
 100 001a 03       		.uleb128 0x3
 101 001b 24       		.uleb128 0x24
 102 001c 00       		.byte	0
 103 001d 0B       		.uleb128 0xb
 104 001e 0B       		.uleb128 0xb
 105 001f 3E       		.uleb128 0x3e
 106 0020 0B       		.uleb128 0xb
 107 0021 03       		.uleb128 0x3
 108 0022 08       		.uleb128 0x8
 109 0023 00       		.byte	0
 110 0024 00       		.byte	0
 111 0025 00       		.byte	0
 112              		.section	.gnu.debuglto_.debug_line,"e",%progbits
 113              	.Ldebug_line0:
 114 0000 1A000000 		.4byte	.LELT0-.LSLT0
ARM GAS  /tmp/ccFFyowu.s 			page 3


 115              	.LSLT0:
 116 0004 0400     		.2byte	0x4
 117 0006 14000000 		.4byte	.LELTP0-.LASLTP0
 118              	.LASLTP0:
 119 000a 01       		.byte	0x1
 120 000b 01       		.byte	0x1
 121 000c 01       		.byte	0x1
 122 000d F6       		.byte	0xf6
 123 000e F2       		.byte	0xf2
 124 000f 0D       		.byte	0xd
 125 0010 00       		.byte	0
 126 0011 01       		.byte	0x1
 127 0012 01       		.byte	0x1
 128 0013 01       		.byte	0x1
 129 0014 01       		.byte	0x1
 130 0015 00       		.byte	0
 131 0016 00       		.byte	0
 132 0017 00       		.byte	0
 133 0018 01       		.byte	0x1
 134 0019 00       		.byte	0
 135 001a 00       		.byte	0
 136 001b 01       		.byte	0x1
 137 001c 00       		.byte	0
 138 001d 00       		.byte	0
 139              	.LELTP0:
 140              	.LELT0:
 141              		.section	.gnu.debuglto_.debug_str,"eMS",%progbits,1
 142              	.LASF8:
 143 0000 756E7369 		.ascii	"unsigned int\000"
 143      676E6564 
 143      20696E74 
 143      00
 144              	.LASF5:
 145 000d 6C6F6E67 		.ascii	"long unsigned int\000"
 145      20756E73 
 145      69676E65 
 145      6420696E 
 145      7400
 146              	.LASF12:
 147 001f 2F686F6D 		.ascii	"/home/rob/Projects/ChibiStudio/ChibiStudio_20/works"
 147      652F726F 
 147      622F5072 
 147      6F6A6563 
 147      74732F43 
 148 0052 70616365 		.ascii	"pace_trunk/F401-blackpill_Unicomp3_RAMROM/\000"
 148      5F747275 
 148      6E6B2F46 
 148      3430312D 
 148      626C6163 
 149              	.LASF11:
 150 007d 2E2E2F2E 		.ascii	"../../chibios_trunk/ext/fatfs/src/ffunicode.c\000"
 150      2E2F6368 
 150      6962696F 
 150      735F7472 
 150      756E6B2F 
 151              	.LASF3:
 152 00ab 73686F72 		.ascii	"short unsigned int\000"
ARM GAS  /tmp/ccFFyowu.s 			page 4


 152      7420756E 
 152      7369676E 
 152      65642069 
 152      6E7400
 153              	.LASF0:
 154 00be 7369676E 		.ascii	"signed char\000"
 154      65642063 
 154      68617200 
 155              	.LASF2:
 156 00ca 73686F72 		.ascii	"short int\000"
 156      7420696E 
 156      7400
 157              	.LASF7:
 158 00d4 6C6F6E67 		.ascii	"long long unsigned int\000"
 158      206C6F6E 
 158      6720756E 
 158      7369676E 
 158      65642069 
 159              	.LASF1:
 160 00eb 756E7369 		.ascii	"unsigned char\000"
 160      676E6564 
 160      20636861 
 160      7200
 161              	.LASF4:
 162 00f9 6C6F6E67 		.ascii	"long int\000"
 162      20696E74 
 162      00
 163              	.LASF9:
 164 0102 63686172 		.ascii	"char\000"
 164      00
 165              	.LASF10:
 166 0107 474E5520 		.ascii	"GNU C17 9.2.1 20191025 (release) [ARM/arm-9-branch "
 166      43313720 
 166      392E322E 
 166      31203230 
 166      31393130 
 167 013a 72657669 		.ascii	"revision 277599] -mcpu=cortex-m4 -mthumb -mfloat-ab"
 167      73696F6E 
 167      20323737 
 167      3539395D 
 167      202D6D63 
 168 016d 693D736F 		.ascii	"i=soft -march=armv7e-m -ggdb -O2 -fomit-frame-point"
 168      6674202D 
 168      6D617263 
 168      683D6172 
 168      6D763765 
 169 01a0 6572202D 		.ascii	"er -falign-functions=16 -ffunction-sections -fdata-"
 169      66616C69 
 169      676E2D66 
 169      756E6374 
 169      696F6E73 
 170 01d3 73656374 		.ascii	"sections -fno-common -flto\000"
 170      696F6E73 
 170      202D666E 
 170      6F2D636F 
 170      6D6D6F6E 
 171              	.LASF6:
ARM GAS  /tmp/ccFFyowu.s 			page 5


 172 01ee 6C6F6E67 		.ascii	"long long int\000"
 172      206C6F6E 
 172      6720696E 
 172      7400
 173              		.text
 174              		.section	.gnu.lto_.profile.a9138f2ba191c8b6,"e",%progbits
 175 0000 789CE360 		.ascii	"x\234\343``\004B \000\000\000]\000\013"
 175      60044220 
 175      0000005D 
 175      000B
 176              		.text
 177              		.section	.gnu.lto_.icf.a9138f2ba191c8b6,"e",%progbits
 178 0000 789CE360 		.ascii	"x\234\343``d`b@\006\000\000\316\000\014"
 178      60646062 
 178      40060000 
 178      CE000C
 179              		.text
 180              		.section	.gnu.lto_.jmpfuncs.a9138f2ba191c8b6,"e",%progbits
 181 0000 789CE360 		.ascii	"x\234\343``d`b@\006\000\000\316\000\014"
 181      60646062 
 181      40060000 
 181      CE000C
 182              		.text
 183              		.section	.gnu.lto_.inline.a9138f2ba191c8b6,"e",%progbits
 184 0000 789CE360 		.ascii	"x\234\343``d`b@\006\000\000\316\000\014"
 184      60646062 
 184      40060000 
 184      CE000C
 185              		.text
 186              		.section	.gnu.lto_.pureconst.a9138f2ba191c8b6,"e",%progbits
 187 0000 789CE360 		.ascii	"x\234\343``\004B \000\000\000]\000\013"
 187      60044220 
 187      0000005D 
 187      000B
 188              		.text
 189              		.section	.gnu.lto_.symbol_nodes.a9138f2ba191c8b6,"e",%progbits
 190 0000 789CE360 		.ascii	"x\234\343``d`b\000\001\000\000n\000\014"
 190      60646062 
 190      00010000 
 190      6E000C
 191              		.text
 192              		.section	.gnu.lto_.refs.a9138f2ba191c8b6,"e",%progbits
 193 0000 789CE360 		.ascii	"x\234\343``\004B \000\000\000]\000\013"
 193      60044220 
 193      0000005D 
 193      000B
 194              		.text
 195              		.section	.gnu.lto_.decls.a9138f2ba191c8b6,"e",%progbits
 196 0000 789CE360 		.ascii	"x\234\343``d\000\001\020\251\002\304\377\201\000\304"
 196      60640001 
 196      10A902C4 
 196      FF8100C4 
 197 0010 BEC84000 		.ascii	"\276\310@\000\000\000\3015\004\375"
 197      0000C135 
 197      04FD
 198              		.text
 199              		.section	.gnu.lto_.symtab.a9138f2ba191c8b6,"e",%progbits
ARM GAS  /tmp/ccFFyowu.s 			page 6


 200              		.text
 201              		.section	.gnu.lto_.opts,"e",%progbits
 202 0000 272D666E 		.ascii	"'-fno-openmp' '-fno-openacc' '-fno-pie' '-mcpu=cort"
 202      6F2D6F70 
 202      656E6D70 
 202      2720272D 
 202      666E6F2D 
 203 0033 65782D6D 		.ascii	"ex-m4' '-mthumb' '-mfloat-abi=soft' '-march=armv7e-"
 203      34272027 
 203      2D6D7468 
 203      756D6227 
 203      20272D6D 
 204 0066 6D272027 		.ascii	"m' '-O2' '-fomit-frame-pointer' '-falign-functions="
 204      2D4F3227 
 204      20272D66 
 204      6F6D6974 
 204      2D667261 
 205 0099 31362720 		.ascii	"16' '-ffunction-sections' '-fdata-sections' '-fno-c"
 205      272D6666 
 205      756E6374 
 205      696F6E2D 
 205      73656374 
 206 00cc 6F6D6D6F 		.ascii	"ommon' '-flto'\000"
 206      6E272027 
 206      2D666C74 
 206      6F2700
 207              		.text
 208              		.comm	__gnu_lto_v1,1,1
 209              		.comm	__gnu_lto_slim,1,1
 210              		.ident	"GCC: (GNU Tools for Arm Embedded Processors 9-2019-q4-major) 9.2.1 20191025 (release) [ARM
ARM GAS  /tmp/ccFFyowu.s 			page 7


DEFINED SYMBOLS
                            *ABS*:0000000000000000 ffunicode.c
     /tmp/ccFFyowu.s:16     .gnu.debuglto_.debug_info:0000000000000000 ffunicode.c.0a7a2c47
                            *COM*:0000000000000001 __gnu_lto_v1
                            *COM*:0000000000000001 __gnu_lto_slim

NO UNDEFINED SYMBOLS
